<?xml version="1.0" encoding="UTF-8"?>
<testsuite xmlns:xsi="http://www.w3.org/2001/XMLSchema-instance" xsi:noNamespaceSchemaLocation="https://maven.apache.org/surefire/maven-surefire-plugin/xsd/surefire-test-report-3.0.xsd" version="3.0" name="UnitTesting.OrderTest" time="0.248" tests="11" errors="0" skipped="0" failures="1">
  <properties>
[...]
</properties>
  <testcase name="givenValidOrder_WhenGetAddress_ThenReturnsCorrectAddress" classname="UnitTesting.OrderTest" time="0.091"/>
  <testcase name="givenValidOrder_WhenSetAddress_ThenAddressIsUpdated" classname="UnitTesting.OrderTest" time="0.004"/>
  <testcase name="givenValidOrder_WhenGetStoreId_ThenReturnsCorrectStoreId" classname="UnitTesting.OrderTest" time="0.002"/>
  <testcase name="givenValidOrder_WhenGetId_ThenReturnsCorrectId" classname="UnitTesting.OrderTest" time="0.004"/>
  <testcase name="givenCashOnDeliveryOrder_WhenSetPaymentMethod_ThenPaymentMethodIsUpdated" classname="UnitTesting.OrderTest" time="0.003"/>
  <testcase name="givenValidOrder_WhenSetState_ThenStateIsUpdated" classname="UnitTesting.OrderTest" time="0.003"/>
  <testcase name="givenValidOrder_WhenGetPaymentMethod_ThenReturnsCorrectPaymentMethod" classname="UnitTesting.OrderTest" time="0.003"/>
  <testcase name="givenValidOrder_WhenGetProductIds_ThenReturnsCorrectProductIds" classname="UnitTesting.OrderTest" time="0.002"/>
  <testcase name="givenValidOrder_WhenGetUserId_ThenReturnsCorrectUserId" classname="UnitTesting.OrderTest" time="0.002"/>
  <testcase name="givenNonCashOnDeliveryOrder_WhenSetPaymentMethod_ThenThrowsException" classname="UnitTesting.OrderTest" time="0.016">
    <failure message="expected: &lt;Can only change payment method for &quot;cash on delevery&quot;.&gt; but was: &lt;Payment method can only be changed if it is not CASH_ON_DELIVERY.&gt;" type="org.opentest4j.AssertionFailedError"><![CDATA[org.opentest4j.AssertionFailedError: expected: <Can only change payment method for "cash on delevery".> but was: <Payment method can only be changed if it is not CASH_ON_DELIVERY.>
	at org.junit.jupiter.api.AssertionFailureBuilder.build(AssertionFailureBuilder.java:151)
	at org.junit.jupiter.api.AssertionFailureBuilder.buildAndThrow(AssertionFailureBuilder.java:132)
	at org.junit.jupiter.api.AssertEquals.failNotEqual(AssertEquals.java:197)
	at org.junit.jupiter.api.AssertEquals.assertEquals(AssertEquals.java:182)
	at org.junit.jupiter.api.AssertEquals.assertEquals(AssertEquals.java:177)
	at org.junit.jupiter.api.Assertions.assertEquals(Assertions.java:1141)
	at UnitTesting.OrderTest.givenNonCashOnDeliveryOrder_WhenSetPaymentMethod_ThenThrowsException(OrderTest.java:83)
	at java.base/java.lang.reflect.Method.invoke(Method.java:580)
	at java.base/java.util.ArrayList.forEach(ArrayList.java:1596)
	at java.base/java.util.ArrayList.forEach(ArrayList.java:1596)
]]></failure>
  </testcase>
  <testcase name="givenValidOrder_WhenGetState_ThenReturnsCorrectState" classname="UnitTesting.OrderTest" time="0.002"/>
</testsuite>